Arguments: 
  C:\Program Files\nodejs\node.exe C:\Program Files (x86)\Yarn\bin\yarn.js help

PATH: 
  C:\Program Files\CMDer\bin;C:\Program Files\CMDer\vendor\conemu-maximus5\ConEmu\Scripts;C:\Program Files\CMDer\vendor\conemu-maximus5;C:\Program Files\CMDer\vendor\conemu-maximus5\ConEmu;C:\Program Files (x86)\NVIDIA Corporation\PhysX\Common;C:\Program Files (x86)\Intel\iCLS Client\;C:\Program Files\Intel\iCLS Client\;C:\WINDOWS\system32;C:\WINDOWS;C:\WINDOWS\System32\Wbem;C:\WINDOWS\System32\WindowsPowerShell\v1.0\;C:\Program Files\Intel\Intel(R) Management Engine Components\DAL;C:\Program Files\Intel\Intel(R) Management Engine Components\IPT;C:\Program Files (x86)\Intel\Intel(R) Management Engine Components\DAL;C:\Program Files (x86)\Intel\Intel(R) Management Engine Components\IPT;C:\Windows\System32\WindowsPowerShell\v1.0\;C:\Program Files\Git\cmd;C:\Program Files (x86)\gdipp\;C:\Program Files (x86)\Yarn\bin;C:\Program Files\nodejs\;C:\Users\phlud_000\AppData\Local\Microsoft\WindowsApps;C:\Program Files (x86)\Microsoft VS Code\bin;C:\Users\phlud_000\AppData\Local\Yarn\bin;C:\Users\phlud_000\AppData\Local\atom\bin;C:\Program Files\Heroku\bin;C:\Users\phlud_000\AppData\Roaming\npm;C:\Program Files\Git\usr\bin;C:\Program Files\Git\usr\share\vim\vim74;C:\Program Files\CMDer\

Yarn version: 
  1.3.2

Node version: 
  8.9.4

Platform: 
  win32 x64

npm manifest: 
  {
    "name": "Zigzag",
    "version": "1.0.0",
    "description": "A blazing-fast yet cool online shop based in Batam",
    "main": "index.js",
    "author": "Bejo Karmila (itujono@gmail.com)",
    "license": "MIT",
    "dependencies": {
        "jquery-chained": "^2.0.0-beta.2"
    },
  }

yarn manifest: 
  No manifest

Lockfile: 
  # THIS IS AN AUTOGENERATED FILE. DO NOT EDIT THIS FILE DIRECTLY.
  # yarn lockfile v1
  
  
  jquery-chained@^2.0.0-beta.2:
    version "2.0.0-beta.2"
    resolved "https://registry.yarnpkg.com/jquery-chained/-/jquery-chained-2.0.0-beta.2.tgz#67a2a5bb7be6549cbf9c1374a343373b6b4e8b48"

Trace: 
  SyntaxError: c:\XAMPP\htdocs\codewell\zigzag\html\package.json: Unexpected token } in JSON at position 270
      at JSON.parse (<anonymous>)
      at C:\Program Files (x86)\Yarn\lib\cli.js:770:59
      at Generator.next (<anonymous>)
      at step (C:\Program Files (x86)\Yarn\lib\cli.js:92:30)
      at C:\Program Files (x86)\Yarn\lib\cli.js:103:13
      at <anonymous>
